2025-12-18 14:32:45.378 +01:00 [INF] Logging configured. Debug: C:\GITHUB_PRIVATE\File_Image_Backup_Handler\Code\MediaBackupTool\Logs\Debug.log, Errors: C:\GITHUB_PRIVATE\File_Image_Backup_Handler\Code\MediaBackupTool\Logs\WarningsErrors.log
2025-12-18 14:32:45.393 +01:00 [INF] === Media Backup Tool Starting ===
2025-12-18 14:32:45.394 +01:00 [INF] Log files located at: C:\GITHUB_PRIVATE\File_Image_Backup_Handler\Code\MediaBackupTool\Logs
2025-12-18 14:32:45.434 +01:00 [INF] Services configured successfully
2025-12-18 14:32:46.081 +01:00 [INF] Shell window shown
2025-12-18 14:32:46.087 +01:00 [INF] Navigated to Project page
2025-12-18 14:33:16.217 +01:00 [INF] Opening project from C:\Users\lizer\Documents\MediaBackupProjects\test_5
2025-12-18 14:33:16.218 +01:00 [INF] Opening project: C:\Users\lizer\Documents\MediaBackupProjects\test_5\Project.db
2025-12-18 14:33:16.234 +01:00 [INF] Initializing database at C:\Users\lizer\Documents\MediaBackupProjects\test_5\Project.db
2025-12-18 14:33:16.234 +01:00 [DBG] Ensured directory exists: C:\Users\lizer\Documents\MediaBackupProjects\test_5
2025-12-18 14:33:16.278 +01:00 [DBG] Database connection opened
2025-12-18 14:33:16.278 +01:00 [DBG] Looking for schema at: C:\GITHUB_PRIVATE\File_Image_Backup_Handler\Code\MediaBackupTool\MediaBackupTool\bin\Debug\net8.0-windows\Data\Migrations\InitialSchema.sql
2025-12-18 14:33:16.278 +01:00 [DBG] Using external schema file
2025-12-18 14:33:16.294 +01:00 [DBG] Executing 29 schema statements
2025-12-18 14:33:16.295 +01:00 [DBG] Executed: PRAGMA journal_mode=WAL
2025-12-18 14:33:16.295 +01:00 [DBG] Executed: PRAGMA synchronous=NORMAL
2025-12-18 14:33:16.295 +01:00 [DBG] Executed: PRAGMA temp_store=MEMORY
2025-12-18 14:33:16.295 +01:00 [DBG] Executed: PRAGMA cache_size=-64000
2025-12-18 14:33:16.295 +01:00 [DBG] Executed: PRAGMA foreign_keys=ON
2025-12-18 14:33:16.295 +01:00 [DBG] Executed: CREATE TABLE IF NOT EXISTS ProjectSettings (
    Id INTEGE...
2025-12-18 14:33:16.295 +01:00 [DBG] Executed: CREATE TABLE IF NOT EXISTS ScanRoots (
    Id INTEGER PRIM...
2025-12-18 14:33:16.295 +01:00 [DBG] Executed: CREATE INDEX IF NOT EXISTS IX_ScanRoots_Path ON ScanRoots(Pa...
2025-12-18 14:33:16.295 +01:00 [DBG] Executed: CREATE TABLE IF NOT EXISTS FileInstances (
    Id INTEGER ...
2025-12-18 14:33:16.295 +01:00 [DBG] Executed: CREATE INDEX IF NOT EXISTS IX_FileInstances_Extension ON Fil...
2025-12-18 14:33:16.295 +01:00 [DBG] Executed: CREATE INDEX IF NOT EXISTS IX_FileInstances_SizeBytes ON Fil...
2025-12-18 14:33:16.295 +01:00 [DBG] Executed: CREATE INDEX IF NOT EXISTS IX_FileInstances_Status ON FileIn...
2025-12-18 14:33:16.295 +01:00 [DBG] Executed: CREATE INDEX IF NOT EXISTS IX_FileInstances_ScanRootId ON Fi...
2025-12-18 14:33:16.295 +01:00 [DBG] Executed: CREATE INDEX IF NOT EXISTS IX_FileInstances_HashId ON FileIn...
2025-12-18 14:33:16.295 +01:00 [DBG] Executed: CREATE INDEX IF NOT EXISTS IX_FileInstances_ScanRootId_Relat...
2025-12-18 14:33:16.295 +01:00 [DBG] Executed: CREATE TABLE IF NOT EXISTS Hashes (
    Id INTEGER PRIMARY...
2025-12-18 14:33:16.295 +01:00 [DBG] Executed: CREATE UNIQUE INDEX IF NOT EXISTS IX_Hashes_HashBytes ON Has...
2025-12-18 14:33:16.295 +01:00 [DBG] Executed: CREATE INDEX IF NOT EXISTS IX_Hashes_HashHex ON Hashes(HashH...
2025-12-18 14:33:16.295 +01:00 [DBG] Executed: CREATE TABLE IF NOT EXISTS UniqueFiles (
    Id INTEGER PR...
2025-12-18 14:33:16.295 +01:00 [DBG] Executed: CREATE INDEX IF NOT EXISTS IX_UniqueFiles_HashId ON UniqueFi...
2025-12-18 14:33:16.295 +01:00 [DBG] Executed: CREATE INDEX IF NOT EXISTS IX_UniqueFiles_PlannedFolderNodeI...
2025-12-18 14:33:16.295 +01:00 [DBG] Executed: CREATE TABLE IF NOT EXISTS FolderNodes (
    Id INTEGER PR...
2025-12-18 14:33:16.295 +01:00 [DBG] Executed: CREATE INDEX IF NOT EXISTS IX_FolderNodes_Parent ON FolderNo...
2025-12-18 14:33:16.295 +01:00 [DBG] Executed: CREATE INDEX IF NOT EXISTS IX_FolderNodes_Path ON FolderNode...
2025-12-18 14:33:16.295 +01:00 [DBG] Executed: CREATE TABLE IF NOT EXISTS CopyJobs (
    Id INTEGER PRIMA...
2025-12-18 14:33:16.295 +01:00 [DBG] Executed: CREATE INDEX IF NOT EXISTS IX_CopyJobs_Status ON CopyJobs(St...
2025-12-18 14:33:16.296 +01:00 [DBG] Executed: CREATE INDEX IF NOT EXISTS IX_CopyJobs_UniqueFileId ON CopyJ...
2025-12-18 14:33:16.296 +01:00 [DBG] Executed: CREATE TABLE IF NOT EXISTS Profiles (
    Id INTEGER PRIMA...
2025-12-18 14:33:16.296 +01:00 [DBG] Executed: INSERT OR IGNORE INTO Profiles (Id, Name, ImageExtensions, M...
2025-12-18 14:33:16.296 +01:00 [INF] Database initialized: 29 succeeded, 0 skipped, 0 errors
2025-12-18 14:33:16.303 +01:00 [INF] Project opened successfully
2025-12-18 14:33:16.325 +01:00 [INF] Project opened successfully
2025-12-18 14:33:23.748 +01:00 [INF] State transition: "Idle" -> "Scanning". Reason: User started scan
2025-12-18 14:35:20.239 +01:00 [INF] State transition: "Scanning" -> "Hashing". Reason: Scan completed
